<?xml version="1.0" encoding="UTF-8"?>
<testng-results skipped="0" failed="0" ignored="0" total="1" passed="1">
  <reporter-output>
  </reporter-output>
  <suite name="Suite" duration-ms="47" started-at="2020-03-22T20:48:54 IST" finished-at="2020-03-22T20:48:54 IST">
    <groups>
    </groups>
    <test name="Test" duration-ms="47" started-at="2020-03-22T20:48:54 IST" finished-at="2020-03-22T20:48:54 IST">
      <class name="Jenkins_Tester.JTesting.Jen">
        <test-method status="PASS" signature="Tes()[pri:0, instance:Jenkins_Tester.JTesting.Jen@77cd7a0]" name="Tes" duration-ms="16" started-at="2020-03-22T20:48:54 IST" finished-at="2020-03-22T20:48:54 IST">
          <reporter-output>
          </reporter-output>
        </test-method> <!-- Tes -->
      </class> <!-- Jenkins_Tester.JTesting.Jen -->
    </test> <!-- Test -->
  </suite> <!-- Suite -->
</testng-results>
